#
# A fatal error has been detected by the Java Runtime Environment:
#
#  SIGSEGV (0xb) at pc=0x000000012dc37514, pid=32136, tid=0x0000000000005903
#
# JRE version: Java(TM) SE Runtime Environment (8.0_231-b11) (build 1.8.0_231-b11)
# Java VM: Java HotSpot(TM) 64-Bit Server VM (25.231-b11 mixed mode bsd-amd64 compressed oops)
# Problematic frame:
# C  0x000000012dc37514
#
# Failed to write core dump. Core dumps have been disabled. To enable core dumping, try "ulimit -c unlimited" before starting Java again
#
# If you would like to submit a bug report, please visit:
#   http://bugreport.java.com/bugreport/crash.jsp
# The crash happened outside the Java Virtual Machine in native code.
# See problematic frame for where to report the bug.
#

---------------  T H R E A D  ---------------

Current thread (0x00007fe6a18e7000):  JavaThread "Thread-0" [_thread_in_native, id=22787, stack(0x000070000f0a1000,0x000070000f1a1000)]

siginfo: si_signo: 11 (SIGSEGV), si_code: 1 (SEGV_MAPERR), si_addr: 0x000000012dc39128

Registers:
RAX=0x0000000000000000, RBX=0x000070000f1a0530, RCX=0x0000000000000000, RDX=0x0000000000000000
RSP=0x000070000f1a0448, RBP=0x000070000f1a0510, RSI=0x00000000000120a8, RDI=0x00007fe6a39278a0
R8 =0x00000000000130a8, R9 =0x0000000000000000, R10=0x00007fe6a39278c0, R11=0x00007fe6a39278b8
R12=0x000000012cc1458e, R13=0x000000012ca83f90, R14=0x000000012cc1458e, R15=0x000070000f1a0858
RIP=0x000000012dc37514, EFLAGS=0x0000000000010297, ERR=0x0000000000000004
  TRAPNO=0x000000000000000e

Top of Stack: (sp=0x000070000f1a0448)
0x000070000f1a0448:   000000012dc27375 0000000000000001
0x000070000f1a0458:   000000076ab1ed70 000070000f1a0460
0x000070000f1a0468:   000000012860780a 93e41bc29dbf0024
0x000070000f1a0478:   0000000128623140 0000000000000000
0x000070000f1a0488:   0000000128623138 000070000f1a0578
0x000070000f1a0498:   00007fe6a18e7000 000000000000000c
0x000070000f1a04a8:   000000012ca83f90 000000012dc39ecc
0x000070000f1a04b8:   000000012ca83f90 0000000000000000
0x000070000f1a04c8:   00007fe6a170cb40 000070000f1a0510
0x000070000f1a04d8:   000000012dc32467 000000012ca70970
0x000070000f1a04e8:   93e41bc29dbf0024 000070000f1a0530
0x000070000f1a04f8:   0000000000000000 000000012cc1458e
0x000070000f1a0508:   000070000f1a0858 000070000f1a0800
0x000070000f1a0518:   000000012dc27098 0000000128623140
0x000070000f1a0528:   0000000000000000 000000012dc39e08
0x000070000f1a0538:   0000700000000001 00007fe6a1519558
0x000070000f1a0548:   00007fe6a1519558 0000000100000001
0x000070000f1a0558:   0000000000000000 0000000000000001
0x000070000f1a0568:   0000000000000000 ffffffffffffffff
0x000070000f1a0578:   0000000000000000 0000000000000000
0x000070000f1a0588:   0000000000000000 0000700000000002
0x000070000f1a0598:   00000001ffff8002 000000012dc36b40
0x000070000f1a05a8:   000000012dc32d40 000000012dc32e30
0x000070000f1a05b8:   0000000000000000 0000000000000000
0x000070000f1a05c8:   000000012ca83f90 0000000000000000
0x000070000f1a05d8:   0000000000000004 000000012ca83f90
0x000070000f1a05e8:   000000012ca70970 000000012cc0e320
0x000070000f1a05f8:   0000000100000001 280a0020ffc91200
0x000070000f1a0608:   0000000000000000 0000000000000000
0x000070000f1a0618:   000000012ca70970 000000012ca70a18
0x000070000f1a0628:   0000000000000000 0000700000000005
0x000070000f1a0638:   0000000000000000 000070000f1a0680 

Instructions: (pc=0x000000012dc37514)
0x000000012dc374f4:   
[error occurred during error reporting (printing registers, top of stack, instructions near pc), id 0xb]

Register to memory mapping:

RAX=0x0000000000000000 is an unknown value
RBX=0x000070000f1a0530 is pointing into the stack for thread: 0x00007fe6a18e7000
RCX=0x0000000000000000 is an unknown value
RDX=0x0000000000000000 is an unknown value
RSP=0x000070000f1a0448 is pointing into the stack for thread: 0x00007fe6a18e7000
RBP=0x000070000f1a0510 is pointing into the stack for thread: 0x00007fe6a18e7000
RSI=0x00000000000120a8 is an unknown value
RDI=0x00007fe6a39278a0 is an unknown value
R8 =0x00000000000130a8 is an unknown value
R9 =0x0000000000000000 is an unknown value
R10=0x00007fe6a39278c0 is an unknown value
R11=0x00007fe6a39278b8 is an unknown value
R12=0x000000012cc1458e: opal_uses_threads+0 in /usr/local/lib/libopen-pal.40.dylib at 0x000000012cb65000
R13=0x000000012ca83f90: ompi_mpi_comm_world+0 in /usr/local/lib/libmpi.40.dylib at 0x000000012c98b000
R14=0x000000012cc1458e: opal_uses_threads+0 in /usr/local/lib/libopen-pal.40.dylib at 0x000000012cb65000
R15=0x000070000f1a0858 is pointing into the stack for thread: 0x00007fe6a18e7000


Stack: [0x000070000f0a1000,0x000070000f1a1000],  sp=0x000070000f1a0448,  free space=1021k
Native frames: (J=compiled Java code, j=interpreted, Vv=VM code, C=native code)
C  0x000000012dc37514
C  0x000000012dc27098
C  [libmpi.40.dylib+0x539df]  MPI_Probe+0xff
C  [libmpi_java.40.dylib+0x2662]  Java_mpi_Comm_probe+0x22
j  mpi.Comm.probe(JII[J)V+0
j  mpi.Comm.probe(II)Lmpi/Status;+22
j  net.xqhs.flash.mpi.MPISupport$MPIMessaging$1.run()V+61
v  ~StubRoutines::call_stub
V  [libjvm.dylib+0x2f0792]
V  [libjvm.dylib+0x2f0f36]
V  [libjvm.dylib+0x2f10e2]
V  [libjvm.dylib+0x34b9d1]
V  [libjvm.dylib+0x571817]
V  [libjvm.dylib+0x572f12]
V  [libjvm.dylib+0x48f0fa]
C  [libsystem_pthread.dylib+0x6109]  _pthread_start+0x94
C  [libsystem_pthread.dylib+0x1b8b]  thread_start+0xf
C  0x0000000000000000

Java frames: (J=compiled Java code, j=interpreted, Vv=VM code)
j  mpi.Comm.probe(JII[J)V+0
j  mpi.Comm.probe(II)Lmpi/Status;+22
j  net.xqhs.flash.mpi.MPISupport$MPIMessaging$1.run()V+61
v  ~StubRoutines::call_stub

---------------  P R O C E S S  ---------------

Java Threads: ( => current thread )
=>0x00007fe6a18e7000 JavaThread "Thread-0" [_thread_in_native, id=22787, stack(0x000070000f0a1000,0x000070000f1a1000)]
  0x00007fe6a4814800 JavaThread "Service Thread" daemon [_thread_blocked, id=21763, stack(0x000070000ed95000,0x000070000ee95000)]
  0x00007fe6a404c000 JavaThread "C1 CompilerThread3" daemon [_thread_blocked, id=16899, stack(0x000070000ec92000,0x000070000ed92000)]
  0x00007fe6a480a000 JavaThread "C2 CompilerThread2" daemon [_thread_blocked, id=16387, stack(0x000070000eb8f000,0x000070000ec8f000)]
  0x00007fe6a4809000 JavaThread "C2 CompilerThread1" daemon [_thread_blocked, id=15875, stack(0x000070000ea8c000,0x000070000eb8c000)]
  0x00007fe6a1848000 JavaThread "C2 CompilerThread0" daemon [_thread_blocked, id=17667, stack(0x000070000e989000,0x000070000ea89000)]
  0x00007fe6a1847800 JavaThread "Signal Dispatcher" daemon [_thread_blocked, id=15363, stack(0x000070000e886000,0x000070000e986000)]
  0x00007fe6a2016000 JavaThread "Finalizer" daemon [_thread_blocked, id=19459, stack(0x000070000e67d000,0x000070000e77d000)]
  0x00007fe6a2011000 JavaThread "Reference Handler" daemon [_thread_blocked, id=19715, stack(0x000070000e57a000,0x000070000e67a000)]
  0x00007fe6a4009000 JavaThread "main" [_thread_in_native, id=4099, stack(0x000070000d956000,0x000070000da56000)]

Other Threads:
  0x00007fe6a4039000 VMThread [stack: 0x000070000e477000,0x000070000e577000] [id=12803]
  0x00007fe6a4817800 WatcherThread [stack: 0x000070000ee98000,0x000070000ef98000] [id=43267]

VM state:not at safepoint (normal execution)

VM Mutex/Monitor currently owned by a thread: None

heap address: 0x00000006c0000000, size: 4096 MB, Compressed Oops mode: Zero based, Oop shift amount: 3
Narrow klass base: 0x0000000000000000, Narrow klass shift: 3
Compressed class space size: 1073741824 Address: 0x00000007c0000000

Heap:
 PSYoungGen      total 76288K, used 5243K [0x000000076ab00000, 0x0000000770000000, 0x00000007c0000000)
  eden space 65536K, 8% used [0x000000076ab00000,0x000000076b01ecd0,0x000000076eb00000)
  from space 10752K, 0% used [0x000000076f580000,0x000000076f580000,0x0000000770000000)
  to   space 10752K, 0% used [0x000000076eb00000,0x000000076eb00000,0x000000076f580000)
 ParOldGen       total 175104K, used 0K [0x00000006c0000000, 0x00000006cab00000, 0x000000076ab00000)
  object space 175104K, 0% used [0x00000006c0000000,0x00000006c0000000,0x00000006cab00000)
 Metaspace       used 3209K, capacity 4880K, committed 5120K, reserved 1056768K
  class space    used 345K, capacity 456K, committed 512K, reserved 1048576K

Card table byte_map: [0x000000010f9ba000,0x00000001101bb000] byte_map_base: 0x000000010c3ba000

Marking Bits: (ParMarkBitMap*) 0x000000010eefceb0
 Begin Bits: [0x000000011fce6000, 0x0000000123ce6000)
 End Bits:   [0x0000000123ce6000, 0x0000000127ce6000)

Polling page: 0x000000010cdec000

CodeCache: size=245760Kb used=1299Kb max_used=1306Kb free=244460Kb
 bounds [0x0000000110ce6000, 0x0000000110f56000, 0x000000011fce6000]
 total_blobs=399 nmethods=100 adapters=213
 compilation: enabled

Compilation events (10 events):
Event: 0.164 Thread 0x00007fe6a404c000   95       3       java.nio.ByteBuffer::arrayOffset (35 bytes)
Event: 0.164 Thread 0x00007fe6a480a000   97       4       java.lang.Object::equals (11 bytes)
Event: 0.164 Thread 0x00007fe6a404c000 nmethod 95 0x0000000110e29290 code [0x0000000110e29420, 0x0000000110e29738]
Event: 0.164 Thread 0x00007fe6a404c000   96       3       stefania.TreasureHunt.util.Coord::distanceTo (32 bytes)
Event: 0.164 Thread 0x00007fe6a404c000 nmethod 96 0x0000000110e29890 code [0x0000000110e29a00, 0x0000000110e29b90]
Event: 0.164 Thread 0x00007fe6a480a000 nmethod 97 0x0000000110e2c8d0 code [0x0000000110e2ca20, 0x0000000110e2ca98]
Event: 0.165 Thread 0x00007fe6a404c000   98       3       java.nio.CharBuffer::arrayOffset (35 bytes)
Event: 0.165 Thread 0x00007fe6a404c000 nmethod 98 0x0000000110e2c2d0 code [0x0000000110e2c460, 0x0000000110e2c778]
Event: 0.165 Thread 0x00007fe6a404c000   99       3       java.nio.Buffer::position (43 bytes)
Event: 0.165 Thread 0x00007fe6a404c000 nmethod 99 0x0000000110e2bdd0 code [0x0000000110e2bf40, 0x0000000110e2c208]

GC Heap History (0 events):
No events

Deoptimization events (0 events):
No events

Classes redefined (0 events):
No events

Internal exceptions (2 events):
Event: 0.026 Thread 0x00007fe6a4009000 Exception <a 'java/lang/NoSuchMethodError': Method sun.misc.Unsafe.defineClass(Ljava/lang/String;[BII)Ljava/lang/Class; name or signature does not match> (0x000000076ab07cb8) thrown at [/Users/java_re/workspace/8-2-build-macosx-x86_64/jdk8u231/13620/hotsp
Event: 0.026 Thread 0x00007fe6a4009000 Exception <a 'java/lang/NoSuchMethodError': Method sun.misc.Unsafe.prefetchRead(Ljava/lang/Object;J)V name or signature does not match> (0x000000076ab07fa0) thrown at [/Users/java_re/workspace/8-2-build-macosx-x86_64/jdk8u231/13620/hotspot/src/share/vm/pr

Events (10 events):
Event: 0.156 loading class net/xqhs/flash/core/util/MultiValueMap
Event: 0.156 loading class net/xqhs/flash/core/util/MultiValueMap done
Event: 0.157 loading class net/xqhs/flash/core/agent/AgentEvent$AgentEventType
Event: 0.157 loading class net/xqhs/flash/core/agent/AgentEvent$AgentEventType done
Event: 0.157 loading class net/xqhs/flash/core/agent/AgentEvent$AgentSequenceType
Event: 0.157 loading class net/xqhs/flash/core/agent/AgentEvent$AgentSequenceType done
Event: 0.158 loading class stefania/TreasureHunt/util/Coord
Event: 0.158 loading class stefania/TreasureHunt/util/Coord done
Event: 0.163 loading class java/util/ArrayList$Itr
Event: 0.163 loading class java/util/ArrayList$Itr done


Dynamic libraries:
0x00007fff35c76000 	/System/Library/Frameworks/Cocoa.framework/Versions/A/Cocoa
0x00007fff43453000 	/System/Library/Frameworks/Security.framework/Versions/A/Security
0x00007fff34be0000 	/System/Library/Frameworks/ApplicationServices.framework/Versions/A/ApplicationServices
0x00007fff6fe64000 	/usr/lib/libz.1.dylib
0x00007fff6d928000 	/usr/lib/libSystem.B.dylib
0x00007fff6f788000 	/usr/lib/libobjc.A.dylib
0x00007fff36b11000 	/System/Library/Frameworks/CoreFoundation.framework/Versions/A/CoreFoundation
0x00007fff391c7000 	/System/Library/Frameworks/Foundation.framework/Versions/C/Foundation
0x00007fff33dd1000 	/System/Library/Frameworks/AppKit.framework/Versions/C/AppKit
0x00007fff365fa000 	/System/Library/Frameworks/CoreData.framework/Versions/A/CoreData
0x00007fff67949000 	/System/Library/PrivateFrameworks/UIFoundation.framework/Versions/A/UIFoundation
0x00007fff629f7000 	/System/Library/PrivateFrameworks/RemoteViewServices.framework/Versions/A/RemoteViewServices
0x00007fff6a49d000 	/System/Library/PrivateFrameworks/XCTTargetBootstrap.framework/Versions/A/XCTTargetBootstrap
0x00007fff369e5000 	/System/Library/Frameworks/CoreDisplay.framework/Versions/A/CoreDisplay
0x00007fff3c080000 	/System/Library/Frameworks/Metal.framework/Versions/A/Metal
0x00007fff50a66000 	/System/Library/PrivateFrameworks/DesktopServicesPriv.framework/Versions/A/DesktopServicesPriv
0x00007fff6ea65000 	/usr/lib/liblangid.dylib
0x00007fff4fcff000 	/System/Library/PrivateFrameworks/CoreSVG.framework/Versions/A/CoreSVG
0x00007fff65b4d000 	/System/Library/PrivateFrameworks/SkyLight.framework/Versions/A/SkyLight
0x00007fff36f92000 	/System/Library/Frameworks/CoreGraphics.framework/Versions/A/CoreGraphics
0x00007fff327a5000 	/System/Library/Frameworks/Accelerate.framework/Versions/A/Accelerate
0x00007fff6fd55000 	/usr/lib/libxml2.2.dylib
0x00007fff5b9a9000 	/System/Library/PrivateFrameworks/IconServices.framework/Versions/A/IconServices
0x00007fff399a6000 	/System/Library/Frameworks/IOSurface.framework/Versions/A/IOSurface
0x00007fff6d452000 	/usr/lib/libDiagnosticMessagesClient.dylib
0x00007fff508c0000 	/System/Library/PrivateFrameworks/DFRFoundation.framework/Versions/A/DFRFoundation
0x00007fff6e7f4000 	/usr/lib/libicucore.A.dylib
0x00007fff34f12000 	/System/Library/Frameworks/AudioToolbox.framework/Versions/A/AudioToolbox
0x00007fff34ff5000 	/System/Library/Frameworks/AudioUnit.framework/Versions/A/AudioUnit
0x00007fff6db2a000 	/usr/lib/libauto.dylib
0x00007fff50962000 	/System/Library/PrivateFrameworks/DataDetectorsCore.framework/Versions/A/DataDetectorsCore
0x00007fff35797000 	/System/Library/Frameworks/Carbon.framework/Versions/A/Frameworks/HIToolbox.framework/Versions/A/HIToolbox
0x00007fff42650000 	/System/Library/Frameworks/QuartzCore.framework/Versions/A/QuartzCore
0x00007fff35ad6000 	/System/Library/Frameworks/Carbon.framework/Versions/A/Frameworks/SpeechRecognition.framework/Versions/A/SpeechRecognition
0x00007fff503d7000 	/System/Library/PrivateFrameworks/CoreUI.framework/Versions/A/CoreUI
0x00007fff36065000 	/System/Library/Frameworks/CoreAudio.framework/Versions/A/CoreAudio
0x00007fff38e8c000 	/System/Library/Frameworks/DiskArbitration.framework/Versions/A/DiskArbitration
0x00007fff5d9f6000 	/System/Library/PrivateFrameworks/MultitouchSupport.framework/Versions/A/MultitouchSupport
0x00007fff6e6bb000 	/usr/lib/libenergytrace.dylib
0x00007fff39900000 	/System/Library/Frameworks/IOKit.framework/Versions/A/IOKit
0x00007fff37ef9000 	/System/Library/Frameworks/CoreServices.framework/Versions/A/CoreServices
0x00007fff5fb8d000 	/System/Library/PrivateFrameworks/PerformanceAnalysis.framework/Versions/A/PerformanceAnalysis
0x00007fff41683000 	/System/Library/Frameworks/OpenGL.framework/Versions/A/OpenGL
0x00007fff35c84000 	/System/Library/Frameworks/ColorSync.framework/Versions/A/ColorSync
0x00007fff37614000 	/System/Library/Frameworks/CoreImage.framework/Versions/A/CoreImage
0x00007fff3896b000 	/System/Library/Frameworks/CoreText.framework/Versions/A/CoreText
0x00007fff39a36000 	/System/Library/Frameworks/ImageIO.framework/Versions/A/ImageIO
0x00007fff6dc0e000 	/usr/lib/libc++.1.dylib
0x00007fff6dc8a000 	/usr/lib/libcompression.dylib
0x00007fff6d796000 	/usr/lib/libMobileGestalt.dylib
0x00007fff676c2000 	/System/Library/PrivateFrameworks/TextureIO.framework/Versions/A/TextureIO
0x00007fff6da8d000 	/usr/lib/libate.dylib
0x00007fff5bbb2000 	/System/Library/PrivateFrameworks/InternationalSupport.framework/Versions/A/InternationalSupport
0x00007fff70724000 	/usr/lib/system/libcache.dylib
0x00007fff7072a000 	/usr/lib/system/libcommonCrypto.dylib
0x00007fff70736000 	/usr/lib/system/libcompiler_rt.dylib
0x00007fff7073e000 	/usr/lib/system/libcopyfile.dylib
0x00007fff70748000 	/usr/lib/system/libcorecrypto.dylib
0x00007fff708e7000 	/usr/lib/system/libdispatch.dylib
0x00007fff70928000 	/usr/lib/system/libdyld.dylib
0x00007fff7095f000 	/usr/lib/system/libkeymgr.dylib
0x00007fff7096d000 	/usr/lib/system/liblaunch.dylib
0x00007fff7096e000 	/usr/lib/system/libmacho.dylib
0x00007fff70974000 	/usr/lib/system/libquarantine.dylib
0x00007fff70977000 	/usr/lib/system/libremovefile.dylib
0x00007fff70979000 	/usr/lib/system/libsystem_asl.dylib
0x00007fff70991000 	/usr/lib/system/libsystem_blocks.dylib
0x00007fff70992000 	/usr/lib/system/libsystem_c.dylib
0x00007fff70a1a000 	/usr/lib/system/libsystem_configuration.dylib
0x00007fff70a1e000 	/usr/lib/system/libsystem_coreservices.dylib
0x00007fff70a22000 	/usr/lib/system/libsystem_darwin.dylib
0x00007fff70a2b000 	/usr/lib/system/libsystem_dnssd.dylib
0x00007fff70a33000 	/usr/lib/system/libsystem_featureflags.dylib
0x00007fff70a35000 	/usr/lib/system/libsystem_info.dylib
0x00007fff70ab0000 	/usr/lib/system/libsystem_m.dylib
0x00007fff70af8000 	/usr/lib/system/libsystem_malloc.dylib
0x00007fff70b20000 	/usr/lib/system/libsystem_networkextension.dylib
0x00007fff70b2e000 	/usr/lib/system/libsystem_notify.dylib
0x00007fff70b4c000 	/usr/lib/system/libsystem_sandbox.dylib
0x00007fff70b51000 	/usr/lib/system/libsystem_secinit.dylib
0x00007fff70a83000 	/usr/lib/system/libsystem_kernel.dylib
0x00007fff70b38000 	/usr/lib/system/libsystem_platform.dylib
0x00007fff70b41000 	/usr/lib/system/libsystem_pthread.dylib
0x00007fff70b54000 	/usr/lib/system/libsystem_symptoms.dylib
0x00007fff70b5c000 	/usr/lib/system/libsystem_trace.dylib
0x00007fff70b74000 	/usr/lib/system/libunwind.dylib
0x00007fff70b7a000 	/usr/lib/system/libxpc.dylib
0x00007fff6dc61000 	/usr/lib/libc++abi.dylib
0x00007fff6ea67000 	/usr/lib/liblzma.5.dylib
0x00007fff6e6e2000 	/usr/lib/libfakelink.dylib
0x00007fff6da1a000 	/usr/lib/libarchive.2.dylib
0x00007fff44503000 	/System/Library/Frameworks/SystemConfiguration.framework/Versions/A/SystemConfiguration
0x00007fff6d385000 	/usr/lib/libCRFSuite.dylib
0x00007fff35388000 	/System/Library/Frameworks/CFNetwork.framework/Versions/A/CFNetwork
0x00007fff6dbf0000 	/usr/lib/libbsm.0.dylib
0x00007fff70960000 	/usr/lib/system/libkxld.dylib
0x00007fff4a295000 	/System/Library/PrivateFrameworks/AppleFSCompression.framework/Versions/A/AppleFSCompression
0x00007fff6df7b000 	/usr/lib/libcoretls.dylib
0x00007fff6df92000 	/usr/lib/libcoretls_cfhelpers.dylib
0x00007fff6f7ce000 	/usr/lib/libpam.2.dylib
0x00007fff6f903000 	/usr/lib/libsqlite3.dylib
0x00007fff6fd42000 	/usr/lib/libxar.1.dylib
0x00007fff6dc01000 	/usr/lib/libbz2.1.0.dylib
0x00007fff6e703000 	/usr/lib/libiconv.2.dylib
0x00007fff6dc77000 	/usr/lib/libcharset.1.dylib
0x00007fff6f26d000 	/usr/lib/libnetwork.dylib
0x00007fff6f7d5000 	/usr/lib/libpcap.A.dylib
0x00007fff6d9cf000 	/usr/lib/libapple_nghttp2.dylib
0x00007fff382b0000 	/System/Library/Frameworks/CoreServices.framework/Versions/A/Frameworks/FSEvents.framework/Versions/A/FSEvents
0x00007fff37f80000 	/System/Library/Frameworks/CoreServices.framework/Versions/A/Frameworks/CarbonCore.framework/Versions/A/CarbonCore
0x00007fff384f3000 	/System/Library/Frameworks/CoreServices.framework/Versions/A/Frameworks/Metadata.framework/Versions/A/Metadata
0x00007fff3858c000 	/System/Library/Frameworks/CoreServices.framework/Versions/A/Frameworks/OSServices.framework/Versions/A/OSServices
0x00007fff385ba000 	/System/Library/Frameworks/CoreServices.framework/Versions/A/Frameworks/SearchKit.framework/Versions/A/SearchKit
0x00007fff37efa000 	/System/Library/Frameworks/CoreServices.framework/Versions/A/Frameworks/AE.framework/Versions/A/AE
0x00007fff382b9000 	/System/Library/Frameworks/CoreServices.framework/Versions/A/Frameworks/LaunchServices.framework/Versions/A/LaunchServices
0x00007fff38262000 	/System/Library/Frameworks/CoreServices.framework/Versions/A/Frameworks/DictionaryServices.framework/Versions/A/DictionaryServices
0x00007fff38622000 	/System/Library/Frameworks/CoreServices.framework/Versions/A/Frameworks/SharedFileList.framework/Versions/A/SharedFileList
0x00007fff3d4a3000 	/System/Library/Frameworks/NetFS.framework/Versions/A/NetFS
0x00007fff5df25000 	/System/Library/PrivateFrameworks/NetAuth.framework/Versions/A/NetAuth
0x00007fff6a86a000 	/System/Library/PrivateFrameworks/login.framework/Versions/A/Frameworks/loginsupport.framework/Versions/A/loginsupport
0x00007fff6718f000 	/System/Library/PrivateFrameworks/TCC.framework/Versions/A/TCC
0x00007fff4ee72000 	/System/Library/PrivateFrameworks/CoreNLP.framework/Versions/A/CoreNLP
0x00007fff5d424000 	/System/Library/PrivateFrameworks/MetadataUtilities.framework/Versions/A/MetadataUtilities
0x00007fff6eb3f000 	/usr/lib/libmecabra.dylib
0x00007fff6ea97000 	/usr/lib/libmecab.dylib
0x00007fff6e6f3000 	/usr/lib/libgermantok.dylib
0x00007fff6d9b6000 	/usr/lib/libThaiTokenizer.dylib
0x00007fff6d3bc000 	/usr/lib/libChineseTokenizer.dylib
0x00007fff327bd000 	/System/Library/Frameworks/Accelerate.framework/Versions/A/Frameworks/vImage.framework/Versions/A/vImage
0x00007fff33c27000 	/System/Library/Frameworks/Accelerate.framework/Versions/A/Frameworks/vecLib.framework/Versions/A/vecLib
0x00007fff33b64000 	/System/Library/Frameworks/Accelerate.framework/Versions/A/Frameworks/vecLib.framework/Versions/A/libvMisc.dylib
0x00007fff3398c000 	/System/Library/Frameworks/Accelerate.framework/Versions/A/Frameworks/vecLib.framework/Versions/A/libvDSP.dylib
0x00007fff32e14000 	/System/Library/Frameworks/Accelerate.framework/Versions/A/Frameworks/vecLib.framework/Versions/A/libBLAS.dylib
0x00007fff33550000 	/System/Library/Frameworks/Accelerate.framework/Versions/A/Frameworks/vecLib.framework/Versions/A/libLAPACK.dylib
0x00007fff338ec000 	/System/Library/Frameworks/Accelerate.framework/Versions/A/Frameworks/vecLib.framework/Versions/A/libLinearAlgebra.dylib
0x00007fff33979000 	/System/Library/Frameworks/Accelerate.framework/Versions/A/Frameworks/vecLib.framework/Versions/A/libSparseBLAS.dylib
0x00007fff33902000 	/System/Library/Frameworks/Accelerate.framework/Versions/A/Frameworks/vecLib.framework/Versions/A/libQuadrature.dylib
0x00007fff3307c000 	/System/Library/Frameworks/Accelerate.framework/Versions/A/Frameworks/vecLib.framework/Versions/A/libBNNS.dylib
0x00007fff33908000 	/System/Library/Frameworks/Accelerate.framework/Versions/A/Frameworks/vecLib.framework/Versions/A/libSparse.dylib
0x00007fff5bf9a000 	/System/Library/PrivateFrameworks/LanguageModeling.framework/Versions/A/LanguageModeling
0x00007fff4e822000 	/System/Library/PrivateFrameworks/CoreEmoji.framework/Versions/A/CoreEmoji
0x00007fff5c0b8000 	/System/Library/PrivateFrameworks/LinguisticData.framework/Versions/A/LinguisticData
0x00007fff5c069000 	/System/Library/PrivateFrameworks/Lexicon.framework/Versions/A/Lexicon
0x00007fff6dc78000 	/usr/lib/libcmph.dylib
0x00007fff40091000 	/System/Library/Frameworks/OpenDirectory.framework/Versions/A/Frameworks/CFOpenDirectory.framework/Versions/A/CFOpenDirectory
0x00007fff400ae000 	/System/Library/Frameworks/OpenDirectory.framework/Versions/A/OpenDirectory
0x00007fff484ce000 	/System/Library/PrivateFrameworks/APFS.framework/Versions/A/APFS
0x00007fff4379d000 	/System/Library/Frameworks/SecurityFoundation.framework/Versions/A/SecurityFoundation
0x00007fff6fd3e000 	/usr/lib/libutil.dylib
0x00007fff4fd57000 	/System/Library/PrivateFrameworks/CoreServicesStore.framework/Versions/A/CoreServicesStore
0x00007fff43854000 	/System/Library/Frameworks/ServiceManagement.framework/Versions/A/ServiceManagement
0x00007fff4ba63000 	/System/Library/PrivateFrameworks/BackgroundTaskManagement.framework/Versions/A/BackgroundTaskManagement
0x00007fff6fe3b000 	/usr/lib/libxslt.1.dylib
0x00007fff4a907000 	/System/Library/PrivateFrameworks/AppleSystemInfo.framework/Versions/A/AppleSystemInfo
0x00007fff39c51000 	/System/Library/Frameworks/ImageIO.framework/Versions/A/Resources/libJPEG.dylib
0x00007fff39f0d000 	/System/Library/Frameworks/ImageIO.framework/Versions/A/Resources/libTIFF.dylib
0x00007fff39ef0000 	/System/Library/Frameworks/ImageIO.framework/Versions/A/Resources/libPng.dylib
0x00007fff39b93000 	/System/Library/Frameworks/ImageIO.framework/Versions/A/Resources/libGIF.dylib
0x00007fff39b97000 	/System/Library/Frameworks/ImageIO.framework/Versions/A/Resources/libJP2.dylib
0x00007fff39f0b000 	/System/Library/Frameworks/ImageIO.framework/Versions/A/Resources/libRadiance.dylib
0x00007fff6e6bc000 	/usr/lib/libexpat.1.dylib
0x00007fff4a3f0000 	/System/Library/PrivateFrameworks/AppleJPEG.framework/Versions/A/AppleJPEG
0x00007fff5301c000 	/System/Library/PrivateFrameworks/FontServices.framework/libFontParser.dylib
0x00007fff69870000 	/System/Library/PrivateFrameworks/WatchdogClient.framework/Versions/A/WatchdogClient
0x00007fff5b5f6000 	/System/Library/PrivateFrameworks/IOAccelerator.framework/Versions/A/IOAccelerator
0x00007fff3c41b000 	/System/Library/Frameworks/MetalPerformanceShaders.framework/Versions/A/MetalPerformanceShaders
0x00007fff57d8f000 	/System/Library/PrivateFrameworks/GPUWrangler.framework/Versions/A/GPUWrangler
0x00007fff5b60b000 	/System/Library/PrivateFrameworks/IOPresentment.framework/Versions/A/IOPresentment
0x00007fff508d3000 	/System/Library/PrivateFrameworks/DSExternalDisplay.framework/Versions/A/DSExternalDisplay
0x00007fff40a22000 	/System/Library/Frameworks/OpenGL.framework/Versions/A/Libraries/libCoreFSCache.dylib
0x00007fff3c167000 	/System/Library/Frameworks/MetalPerformanceShaders.framework/Frameworks/MPSCore.framework/Versions/A/MPSCore
0x00007fff3c1a5000 	/System/Library/Frameworks/MetalPerformanceShaders.framework/Frameworks/MPSImage.framework/Versions/A/MPSImage
0x00007fff3c26c000 	/System/Library/Frameworks/MetalPerformanceShaders.framework/Frameworks/MPSNeuralNetwork.framework/Versions/A/MPSNeuralNetwork
0x00007fff3c230000 	/System/Library/Frameworks/MetalPerformanceShaders.framework/Frameworks/MPSMatrix.framework/Versions/A/MPSMatrix
0x00007fff3c3cb000 	/System/Library/Frameworks/MetalPerformanceShaders.framework/Frameworks/MPSRayIntersector.framework/Versions/A/MPSRayIntersector
0x00007fff3c256000 	/System/Library/Frameworks/MetalPerformanceShaders.framework/Frameworks/MPSNDArray.framework/Versions/A/MPSNDArray
0x00007fff5d471000 	/System/Library/PrivateFrameworks/MetalTools.framework/Versions/A/MetalTools
0x00007fff496a0000 	/System/Library/PrivateFrameworks/AggregateDictionary.framework/Versions/A/AggregateDictionary
0x00007fff4e27c000 	/System/Library/PrivateFrameworks/CoreAnalytics.framework/Versions/A/CoreAnalytics
0x00007fff4a826000 	/System/Library/PrivateFrameworks/AppleSauce.framework/Versions/A/AppleSauce
0x00007fff6d678000 	/usr/lib/libIOReport.dylib
0x00007fff38b23000 	/System/Library/Frameworks/CoreVideo.framework/Versions/A/CoreVideo
0x00007fff59209000 	/System/Library/PrivateFrameworks/GraphVisualizer.framework/Versions/A/GraphVisualizer
0x00007fff52570000 	/System/Library/PrivateFrameworks/FaceCore.framework/Versions/A/FaceCore
0x00007fff40038000 	/System/Library/Frameworks/OpenCL.framework/Versions/A/OpenCL
0x00007fff6d49a000 	/usr/lib/libFosl_dynamic.dylib
0x00007fff5e93a000 	/System/Library/PrivateFrameworks/OTSVG.framework/Versions/A/OTSVG
0x00007fff34ce5000 	/System/Library/Frameworks/ApplicationServices.framework/Versions/A/Frameworks/ATS.framework/Versions/A/Resources/libFontRegistry.dylib
0x00007fff531ed000 	/System/Library/PrivateFrameworks/FontServices.framework/libhvf.dylib
0x00007fff40a2d000 	/System/Library/Frameworks/OpenGL.framework/Versions/A/Libraries/libGFXShared.dylib
0x00007fff40c0b000 	/System/Library/Frameworks/OpenGL.framework/Versions/A/Libraries/libGLU.dylib
0x00007fff40a36000 	/System/Library/Frameworks/OpenGL.framework/Versions/A/Libraries/libGL.dylib
0x00007fff40a41000 	/System/Library/Frameworks/OpenGL.framework/Versions/A/Libraries/libGLImage.dylib
0x00007fff40a1f000 	/System/Library/Frameworks/OpenGL.framework/Versions/A/Libraries/libCVMSPluginSupport.dylib
0x00007fff40a28000 	/System/Library/Frameworks/OpenGL.framework/Versions/A/Libraries/libCoreVMClient.dylib
0x00007fff6f10e000 	/usr/lib/libncurses.5.4.dylib
0x00007fff34be1000 	/System/Library/Frameworks/ApplicationServices.framework/Versions/A/Frameworks/ATS.framework/Versions/A/ATS
0x00007fff34dae000 	/System/Library/Frameworks/ApplicationServices.framework/Versions/A/Frameworks/ColorSyncLegacy.framework/Versions/A/ColorSyncLegacy
0x00007fff34e4c000 	/System/Library/Frameworks/ApplicationServices.framework/Versions/A/Frameworks/HIServices.framework/Versions/A/HIServices
0x00007fff34ea4000 	/System/Library/Frameworks/ApplicationServices.framework/Versions/A/Frameworks/LangAnalysis.framework/Versions/A/LangAnalysis
0x00007fff34eb3000 	/System/Library/Frameworks/ApplicationServices.framework/Versions/A/Frameworks/PrintCore.framework/Versions/A/PrintCore
0x00007fff34ef9000 	/System/Library/Frameworks/ApplicationServices.framework/Versions/A/Frameworks/QD.framework/Versions/A/QD
0x00007fff34f04000 	/System/Library/Frameworks/ApplicationServices.framework/Versions/A/Frameworks/SpeechSynthesis.framework/Versions/A/SpeechSynthesis
0x00007fff34d7e000 	/System/Library/Frameworks/ApplicationServices.framework/Versions/A/Frameworks/ATSUI.framework/Versions/A/ATSUI
0x00007fff6e550000 	/usr/lib/libcups.2.dylib
0x00007fff3b4b8000 	/System/Library/Frameworks/Kerberos.framework/Versions/A/Kerberos
0x00007fff395f9000 	/System/Library/Frameworks/GSS.framework/Versions/A/GSS
0x00007fff6f88f000 	/usr/lib/libresolv.9.dylib
0x00007fff593b7000 	/System/Library/PrivateFrameworks/Heimdal.framework/Versions/A/Heimdal
0x00007fff3b4cb000 	/System/Library/Frameworks/Kerberos.framework/Versions/A/Libraries/libHeimdalProxy.dylib
0x00007fff6e6f9000 	/usr/lib/libheimdal-asn1.dylib
0x00007fff4d715000 	/System/Library/PrivateFrameworks/CommonAuth.framework/Versions/A/CommonAuth
0x00007fff4a9a4000 	/System/Library/PrivateFrameworks/AssertionServices.framework/Versions/A/AssertionServices
0x00007fff4b546000 	/System/Library/PrivateFrameworks/AudioToolboxCore.framework/Versions/A/AudioToolboxCore
0x00007fff6a51a000 	/System/Library/PrivateFrameworks/caulk.framework/Versions/A/caulk
0x00007fff4bb0f000 	/System/Library/PrivateFrameworks/BaseBoard.framework/Versions/A/BaseBoard
0x00007fff62b85000 	/System/Library/PrivateFrameworks/RunningBoardServices.framework/Versions/A/RunningBoardServices
0x00007fff5fb99000 	/System/Library/PrivateFrameworks/PersistentConnection.framework/Versions/A/PersistentConnection
0x00007fff6257f000 	/System/Library/PrivateFrameworks/ProtocolBuffer.framework/Versions/A/ProtocolBuffer
0x00007fff4d739000 	/System/Library/PrivateFrameworks/CommonUtilities.framework/Versions/A/CommonUtilities
0x00007fff4bc9d000 	/System/Library/PrivateFrameworks/Bom.framework/Versions/A/Bom
0x00007fff6d34b000 	/usr/lib/libAudioToolboxUtility.dylib
0x00007fff4ba6d000 	/System/Library/PrivateFrameworks/Backup.framework/Versions/A/Backup
0x00007fff507f4000 	/System/Library/PrivateFrameworks/CrashReporterSupport.framework/Versions/A/CrashReporterSupport
0x00007fff64613000 	/System/Library/PrivateFrameworks/Sharing.framework/Versions/A/Sharing
0x00007fff49fb3000 	/System/Library/PrivateFrameworks/Apple80211.framework/Versions/A/Apple80211
0x00007fff4b78a000 	/System/Library/PrivateFrameworks/AuthKit.framework/Versions/A/AuthKit
0x00007fff50504000 	/System/Library/PrivateFrameworks/CoreUtils.framework/Versions/A/CoreUtils
0x00007fff38b68000 	/System/Library/Frameworks/CoreWLAN.framework/Versions/A/CoreWLAN
0x00007fff39786000 	/System/Library/Frameworks/IOBluetooth.framework/Versions/A/IOBluetooth
0x00007fff5d775000 	/System/Library/PrivateFrameworks/MobileKeyBag.framework/Versions/A/MobileKeyBag
0x00007fff4f30a000 	/System/Library/PrivateFrameworks/CorePhoneNumbers.framework/Versions/A/CorePhoneNumbers
0x00007fff4a3a3000 	/System/Library/PrivateFrameworks/AppleIDAuthSupport.framework/Versions/A/AppleIDAuthSupport
0x00007fff3d4b0000 	/System/Library/Frameworks/Network.framework/Versions/A/Network
0x00007fff5be46000 	/System/Library/PrivateFrameworks/KeychainCircle.framework/Versions/A/KeychainCircle
0x00007fff365c1000 	/System/Library/Frameworks/CoreBluetooth.framework/Versions/A/CoreBluetooth
0x00007fff66690000 	/System/Library/PrivateFrameworks/SpeechRecognitionCore.framework/Versions/A/SpeechRecognitionCore
0x000000010e600000 	/Library/Java/JavaVirtualMachines/jdk1.8.0_231.jdk/Contents/Home/jre/lib/server/libjvm.dylib
0x00007fff6fc11000 	/usr/lib/libstdc++.6.dylib
0x000000010cda8000 	/Library/Java/JavaVirtualMachines/jdk1.8.0_231.jdk/Contents/Home/jre/lib/libverify.dylib
0x000000010cdb6000 	/Library/Java/JavaVirtualMachines/jdk1.8.0_231.jdk/Contents/Home/jre/lib/libjava.dylib
0x000000010cdf6000 	/Library/Java/JavaVirtualMachines/jdk1.8.0_231.jdk/Contents/Home/jre/lib/libzip.dylib
0x000000012c969000 	/usr/local/lib/libmpi_java.40.dylib
0x000000012c98b000 	/usr/local/lib/libmpi.40.dylib
0x000000012caba000 	/usr/local/lib/libopen-rte.40.dylib
0x000000012cb65000 	/usr/local/lib/libopen-pal.40.dylib

VM Arguments:
jvm_args: -Djava.library.path=/usr/local/lib 
java_command: Flash-MAS.jar
java_class_path (initial): Flash-MAS.jar
Launcher Type: SUN_STANDARD

Environment Variables:
PATH=/Users/stefaniapopescu/Documents/Google Cloud/google-cloud-sdk/bin:/Users/stefaniapopescu/.pyenv/shims:/usr/local/bin:/usr/bin:/bin:/usr/sbin:/sbin:/Applications/VMware Fusion.app/Contents/Public
SHELL=/bin/zsh

Signal Handlers:
SIGSEGV: [libjvm.dylib+0x5b7e2b], sa_mask[0]=11111111011111110111111111111111, sa_flags=SA_ONSTACK|SA_RESTART|SA_SIGINFO
SIGBUS: [libjvm.dylib+0x5b7e2b], sa_mask[0]=11111111011111110111111111111111, sa_flags=SA_RESTART|SA_SIGINFO
SIGFPE: [libjvm.dylib+0x48c6ec], sa_mask[0]=11111111011111110111111111111111, sa_flags=SA_RESTART|SA_SIGINFO
SIGPIPE: [libjvm.dylib+0x48c6ec], sa_mask[0]=11111111011111110111111111111111, sa_flags=SA_RESTART|SA_SIGINFO
SIGXFSZ: [libjvm.dylib+0x48c6ec], sa_mask[0]=11111111011111110111111111111111, sa_flags=SA_RESTART|SA_SIGINFO
SIGILL: [libjvm.dylib+0x48c6ec], sa_mask[0]=11111111011111110111111111111111, sa_flags=SA_RESTART|SA_SIGINFO
SIGUSR1: SIG_DFL, sa_mask[0]=11111111011111110111111111111111, sa_flags=SA_RESTART
SIGUSR2: [libjvm.dylib+0x48c20a], sa_mask[0]=00000000000000000000000000000000, sa_flags=SA_RESTART|SA_SIGINFO
SIGHUP: [libjvm.dylib+0x48a795], sa_mask[0]=11111111011111110111111111111111, sa_flags=SA_RESTART|SA_SIGINFO
SIGINT: [libjvm.dylib+0x48a795], sa_mask[0]=11111111011111110111111111111111, sa_flags=SA_RESTART|SA_SIGINFO
SIGTERM: [libjvm.dylib+0x48a795], sa_mask[0]=11111111011111110111111111111111, sa_flags=SA_RESTART|SA_SIGINFO
SIGQUIT: [libjvm.dylib+0x48a795], sa_mask[0]=11111111011111110111111111111111, sa_flags=SA_RESTART|SA_SIGINFO


---------------  S Y S T E M  ---------------

OS:Bsduname:Darwin 19.4.0 Darwin Kernel Version 19.4.0: Wed Mar  4 22:28:40 PST 2020; root:xnu-6153.101.6~15/RELEASE_X86_64 x86_64
rlimit: STACK 8192k, CORE 0k, NPROC 2784, NOFILE 10240, AS infinity
load average:1.81 1.52 1.42

CPU:total 12 (initial active 12) (6 cores per cpu, 2 threads per core) family 6 model 158 stepping 10, cmov, cx8, fxsr, mmx, sse, sse2, sse3, ssse3, sse4.1, sse4.2, popcnt, avx, avx2, aes, clmul, erms, 3dnowpref, lzcnt, ht, tsc, tscinvbit, bmi1, bmi2, adx

Memory: 4k page, physical 16777216k(312536k free)

/proc/meminfo:


vm_info: Java HotSpot(TM) 64-Bit Server VM (25.231-b11) for bsd-amd64 JRE (1.8.0_231-b11), built on Oct  5 2019 03:15:25 by "java_re" with gcc 4.2.1 (Based on Apple Inc. build 5658) (LLVM build 2336.11.00)

time: Sun May 31 21:15:04 2020
timezone: EEST
elapsed time: 0 seconds (0d 0h 0m 0s)

